{"/Users/xueyi/Documents/GitHub/long/learningNotes/Engineering/jest/demo01/isfever.js": {"path":"/Users/xueyi/Documents/GitHub/long/learningNotes/Engineering/jest/demo01/isfever.js","statementMap":{"0":{"start":{"line":2,"column":2},"end":{"line":2,"column":41}},"1":{"start":{"line":5,"column":0},"end":{"line":5,"column":25}}},"fnMap":{"0":{"name":"isfever","decl":{"start":{"line":1,"column":9},"end":{"line":1,"column":16}},"loc":{"start":{"line":1,"column":30},"end":{"line":3,"column":1}},"line":1}},"branchMap":{"0":{"loc":{"start":{"line":2,"column":9},"end":{"line":2,"column":40}},"type":"cond-expr","locations":[{"start":{"line":2,"column":29},"end":{"line":2,"column":33}},{"start":{"line":2,"column":36},"end":{"line":2,"column":40}}],"line":2}},"s":{"0":3,"1":1},"f":{"0":3},"b":{"0":[2,1]},"_coverageSchema":"1a1c01bbd47fc00a2c39e90264f33305004495a9","hash":"55f6641096fc381928fa2be87fcfbccc4facd383"}
,"/Users/xueyi/Documents/GitHub/long/learningNotes/Engineering/jest/demo01/jest.config.js": {"path":"/Users/xueyi/Documents/GitHub/long/learningNotes/Engineering/jest/demo01/jest.config.js","statementMap":{"0":{"start":{"line":1,"column":0},"end":{"line":32,"column":2}}},"fnMap":{},"branchMap":{},"s":{"0":0},"f":{},"b":{}}
}
